uninit.c:6:15: warning: unused parameter 'argc' [-Wunused-parameter]
int main (int argc, char **argv) {
              ^
uninit.c:6:28: warning: unused parameter 'argv' [-Wunused-parameter]
int main (int argc, char **argv) {
                           ^
uninit.c:8:28: warning: variable 'pointer' is uninitialized when used here [-Wuninitialized]
   printf ("pointer=%p\n", pointer);
                           ^~~~~~~
uninit.c:7:16: note: initialize the variable 'pointer' to silence this warning
   int *pointer;
               ^
                = NULL
uninit.c:11:24: warning: variable 'foo' is uninitialized when used here [-Wuninitialized]
   printf ("foo=%d\n", foo);
                       ^~~
uninit.c:10:11: note: initialize the variable 'foo' to silence this warning
   int foo;
          ^
           = 0
4 warnings generated.
